<?xml version="1.0" encoding="UTF-8"?>
<!-- Generated by org.testng.reporters.JUnitXMLReporter -->
<testsuite ignored="1" hostname="admins-MacBook-Air.local" failures="0" tests="2" name="Default test" time="4.672" errors="0" timestamp="2024-05-28T15:54:16 IST">
  <testcase classname="api.test.DDTests" name="testPostUser" time="2.1"/>
  <testcase classname="api.test.DDTests" name="testPostUser" time="0.057"/>
  <testcase classname="api.test.DDTests" name="testDeleteUserByName" time="0.0">
    <ignored/>
  </testcase> <!-- testDeleteUserByName -->
</testsuite> <!-- Default test -->
