<?xml version="1.0" encoding="UTF-8"?>
<testng-results ignored="0" total="2" passed="2" failed="0" skipped="0">
  <reporter-output>
  </reporter-output>
  <suite started-at="2024-05-28T15:54:11 IST" name="Default suite" finished-at="2024-05-28T15:54:16 IST" duration-ms="4672">
    <groups>
    </groups>
    <test started-at="2024-05-28T15:54:11 IST" name="Default test" finished-at="2024-05-28T15:54:16 IST" duration-ms="4672">
      <class name="api.test.DDTests">
        <test-method signature="testPostUser(java.lang.String,java.lang.String,java.lang.String,java.lang.String,java.lang.String,java.lang.String)[pri:1, instance:api.test.DDTests@79e4c792]" started-at="2024-05-28T15:54:14 IST" name="testPostUser" data-provider="Data" finished-at="2024-05-28T15:54:16 IST" duration-ms="2100" status="PASS">
          <params>
            <param index="0">
              <value>
                <![CDATA[Meena ]]>
              </value>
            </param>
            <param index="1">
              <value>
                <![CDATA[M]]>
              </value>
            </param>
            <param index="2">
              <value>
                <![CDATA[meena@example.com]]>
              </value>
            </param>
            <param index="3">
              <value>
                <![CDATA[9876543212]]>
              </value>
            </param>
            <param index="4">
              <value>
                <![CDATA[1208]]>
              </value>
            </param>
            <param index="5">
              <value>
                <![CDATA[7685436723]]>
              </value>
            </param>
          </params>
          <reporter-output>
          </reporter-output>
        </test-method> <!-- testPostUser -->
        <test-method signature="testPostUser(java.lang.String,java.lang.String,java.lang.String,java.lang.String,java.lang.String,java.lang.String)[pri:1, instance:api.test.DDTests@79e4c792]" started-at="2024-05-28T15:54:16 IST" name="testPostUser" data-provider="Data" finished-at="2024-05-28T15:54:16 IST" duration-ms="57" status="PASS">
          <params>
            <param index="0">
              <value>
                <![CDATA[Sumanth]]>
              </value>
            </param>
            <param index="1">
              <value>
                <![CDATA[K]]>
              </value>
            </param>
            <param index="2">
              <value>
                <![CDATA[sumanth@example.com]]>
              </value>
            </param>
            <param index="3">
              <value>
                <![CDATA[9876543212]]>
              </value>
            </param>
            <param index="4">
              <value>
                <![CDATA[1209]]>
              </value>
            </param>
            <param index="5">
              <value>
                <![CDATA[7685436724]]>
              </value>
            </param>
          </params>
          <reporter-output>
          </reporter-output>
        </test-method> <!-- testPostUser -->
      </class> <!-- api.test.DDTests -->
    </test> <!-- Default test -->
  </suite> <!-- Default suite -->
</testng-results>
